DEBUG main org.springframework.beans.factory.support.DefaultListableBeanFactory - Creating instance of bean '(inner bean)#2513a118#2'
DEBUG main org.springframework.beans.factory.support.DefaultListableBeanFactory - Returning cached instance of singleton bean 'org.springframework.aop.support.DefaultBeanFactoryPointcutAdvisor#0'
DEBUG main org.springframework.beans.factory.support.DefaultListableBeanFactory - Returning cached instance of singleton bean 'org.springframework.aop.support.DefaultBeanFactoryPointcutAdvisor#0'
DEBUG main org.springframework.beans.factory.support.DefaultListableBeanFactory - Returning cached instance of singleton bean 'org.springframework.aop.support.DefaultBeanFactoryPointcutAdvisor#0'
DEBUG main org.springframework.beans.factory.support.DefaultListableBeanFactory - Finished creating instance of bean '(inner bean)#2513a118#2'
DEBUG main org.springframework.beans.factory.support.DefaultListableBeanFactory - Creating instance of bean '(inner bean)#2bfb583b#2'
DEBUG main org.springframework.beans.factory.support.DefaultListableBeanFactory - Returning cached instance of singleton bean 'org.springframework.aop.support.DefaultBeanFactoryPointcutAdvisor#0'
DEBUG main org.springframework.beans.factory.support.DefaultListableBeanFactory - Returning cached instance of singleton bean 'org.springframework.aop.support.DefaultBeanFactoryPointcutAdvisor#0'
DEBUG main org.springframework.beans.factory.support.DefaultListableBeanFactory - Returning cached instance of singleton bean 'org.springframework.aop.support.DefaultBeanFactoryPointcutAdvisor#0'
DEBUG main org.springframework.beans.factory.support.DefaultListableBeanFactory - Finished creating instance of bean '(inner bean)#2bfb583b#2'
DEBUG main org.springframework.beans.factory.support.DefaultListableBeanFactory - Creating instance of bean '(inner bean)#73ae0257#2'
DEBUG main org.springframework.beans.factory.support.DefaultListableBeanFactory - Returning cached instance of singleton bean 'org.springframework.aop.support.DefaultBeanFactoryPointcutAdvisor#0'
DEBUG main org.springframework.beans.factory.support.DefaultListableBeanFactory - Creating instance of bean '(inner bean)#6fc1020a#2'
DEBUG main org.springframework.beans.factory.support.DefaultListableBeanFactory - Returning cached instance of singleton bean 'org.springframework.aop.support.DefaultBeanFactoryPointcutAdvisor#0'
DEBUG main org.springframework.beans.factory.support.DefaultListableBeanFactory - Invoking afterPropertiesSet() on bean with name '(inner bean)#6fc1020a#2'
DEBUG main org.springframework.beans.factory.support.DefaultListableBeanFactory - Returning cached instance of singleton bean 'org.springframework.aop.support.DefaultBeanFactoryPointcutAdvisor#0'
DEBUG main org.springframework.beans.factory.support.DefaultListableBeanFactory - Returning cached instance of singleton bean 'org.springframework.aop.support.DefaultBeanFactoryPointcutAdvisor#0'
DEBUG main org.springframework.beans.factory.support.DefaultListableBeanFactory - Finished creating instance of bean '(inner bean)#6fc1020a#2'
DEBUG main org.springframework.beans.factory.support.DefaultListableBeanFactory - Returning cached instance of singleton bean 'org.springframework.aop.support.DefaultBeanFactoryPointcutAdvisor#0'
DEBUG main org.springframework.beans.factory.support.DefaultListableBeanFactory - Returning cached instance of singleton bean 'org.springframework.aop.support.DefaultBeanFactoryPointcutAdvisor#0'
DEBUG main org.springframework.beans.factory.support.DefaultListableBeanFactory - Returning cached instance of singleton bean 'org.springframework.aop.support.DefaultBeanFactoryPointcutAdvisor#0'
DEBUG main org.springframework.beans.factory.support.DefaultListableBeanFactory - Returning cached instance of singleton bean 'org.springframework.aop.support.DefaultBeanFactoryPointcutAdvisor#0'
DEBUG main org.springframework.beans.factory.support.DefaultListableBeanFactory - Finished creating instance of bean '(inner bean)#73ae0257#2'
DEBUG main org.springframework.beans.factory.support.DefaultListableBeanFactory - Creating instance of bean '(inner bean)#5fffb692'
DEBUG main org.springframework.beans.factory.support.DefaultListableBeanFactory - Returning cached instance of singleton bean 'org.springframework.aop.support.DefaultBeanFactoryPointcutAdvisor#0'
DEBUG main org.springframework.beans.factory.support.DefaultListableBeanFactory - Returning cached instance of singleton bean 'org.springframework.aop.support.DefaultBeanFactoryPointcutAdvisor#0'
DEBUG main org.springframework.beans.factory.support.DefaultListableBeanFactory - Returning cached instance of singleton bean 'org.springframework.aop.support.DefaultBeanFactoryPointcutAdvisor#0'
DEBUG main org.springframework.beans.factory.support.DefaultListableBeanFactory - Finished creating instance of bean '(inner bean)#5fffb692'
DEBUG main org.springframework.beans.factory.support.DefaultListableBeanFactory - Invoking afterPropertiesSet() on bean with name 'org.springframework.web.servlet.mvc.method.annotation.ExceptionHandlerExceptionResolver#1'
DEBUG main org.springframework.web.servlet.mvc.method.annotation.ExceptionHandlerExceptionResolver - Looking for exception mappings: org.springframework.context.support.GenericApplicationContext@6356695f: startup date [Wed Mar 21 13:46:51 CST 2018]; root of context hierarchy
DEBUG main org.springframework.beans.factory.support.DefaultListableBeanFactory - Returning cached instance of singleton bean 'org.springframework.aop.support.DefaultBeanFactoryPointcutAdvisor#0'
DEBUG main org.springframework.beans.factory.support.DefaultListableBeanFactory - Returning cached instance of singleton bean 'org.springframework.aop.support.DefaultBeanFactoryPointcutAdvisor#0'
DEBUG main org.springframework.beans.factory.support.DefaultListableBeanFactory - Finished creating instance of bean 'org.springframework.web.servlet.mvc.method.annotation.ExceptionHandlerExceptionResolver#1'
DEBUG main org.springframework.beans.factory.support.DefaultListableBeanFactory - Creating shared instance of singleton bean 'org.springframework.web.servlet.mvc.annotation.ResponseStatusExceptionResolver#1'
DEBUG main org.springframework.beans.factory.support.DefaultListableBeanFactory - Creating instance of bean 'org.springframework.web.servlet.mvc.annotation.ResponseStatusExceptionResolver#1'
DEBUG main org.springframework.beans.factory.support.DefaultListableBeanFactory - Returning cached instance of singleton bean 'org.springframework.aop.support.DefaultBeanFactoryPointcutAdvisor#0'
DEBUG main org.springframework.beans.factory.support.DefaultListableBeanFactory - Eagerly caching bean 'org.springframework.web.servlet.mvc.annotation.ResponseStatusExceptionResolver#1' to allow for resolving potential circular references
DEBUG main org.springframework.beans.factory.support.DefaultListableBeanFactory - Returning cached instance of singleton bean 'org.springframework.aop.support.DefaultBeanFactoryPointcutAdvisor#0'
DEBUG main org.springframework.beans.factory.support.DefaultListableBeanFactory - Returning cached instance of singleton bean 'org.springframework.aop.support.DefaultBeanFactoryPointcutAdvisor#0'
DEBUG main org.springframework.beans.factory.support.DefaultListableBeanFactory - Finished creating instance of bean 'org.springframework.web.servlet.mvc.annotation.ResponseStatusExceptionResolver#1'
DEBUG main org.springframework.beans.factory.support.DefaultListableBeanFactory - Creating shared instance of singleton bean 'org.springframework.web.servlet.mvc.support.DefaultHandlerExceptionResolver#1'
DEBUG main org.springframework.beans.factory.support.DefaultListableBeanFactory - Creating instance of bean 'org.springframework.web.servlet.mvc.support.DefaultHandlerExceptionResolver#1'
DEBUG main org.springframework.beans.factory.support.DefaultListableBeanFactory - Returning cached instance of singleton bean 'org.springframework.aop.support.DefaultBeanFactoryPointcutAdvisor#0'
DEBUG main org.springframework.beans.factory.support.DefaultListableBeanFactory - Eagerly caching bean 'org.springframework.web.servlet.mvc.support.DefaultHandlerExceptionResolver#1' to allow for resolving potential circular references
DEBUG main org.springframework.beans.factory.support.DefaultListableBeanFactory - Returning cached instance of singleton bean 'org.springframework.aop.support.DefaultBeanFactoryPointcutAdvisor#0'
DEBUG main org.springframework.beans.factory.support.DefaultListableBeanFactory - Returning cached instance of singleton bean 'org.springframework.aop.support.DefaultBeanFactoryPointcutAdvisor#0'
DEBUG main org.springframework.beans.factory.support.DefaultListableBeanFactory - Finished creating instance of bean 'org.springframework.web.servlet.mvc.support.DefaultHandlerExceptionResolver#1'
DEBUG main org.springframework.beans.factory.support.DefaultListableBeanFactory - Creating shared instance of singleton bean 'mvcResourceUrlProvider'
DEBUG main org.springframework.beans.factory.support.DefaultListableBeanFactory - Creating instance of bean 'mvcResourceUrlProvider'
DEBUG main org.springframework.beans.factory.support.DefaultListableBeanFactory - Returning cached instance of singleton bean 'org.springframework.aop.support.DefaultBeanFactoryPointcutAdvisor#0'
DEBUG main org.springframework.beans.factory.support.DefaultListableBeanFactory - Eagerly caching bean 'mvcResourceUrlProvider' to allow for resolving potential circular references
DEBUG main org.springframework.beans.factory.support.DefaultListableBeanFactory - Returning cached instance of singleton bean 'org.springframework.aop.support.DefaultBeanFactoryPointcutAdvisor#0'
DEBUG main org.springframework.beans.factory.support.DefaultListableBeanFactory - Returning cached instance of singleton bean 'org.springframework.aop.support.DefaultBeanFactoryPointcutAdvisor#0'
DEBUG main org.springframework.beans.factory.support.DefaultListableBeanFactory - Finished creating instance of bean 'mvcResourceUrlProvider'
DEBUG main org.springframework.beans.factory.support.DefaultListableBeanFactory - Returning cached instance of singleton bean 'org.springframework.web.servlet.handler.MappedInterceptor#2'
DEBUG main org.springframework.beans.factory.support.DefaultListableBeanFactory - Creating shared instance of singleton bean 'org.springframework.web.servlet.resource.ResourceHttpRequestHandler#0'
DEBUG main org.springframework.beans.factory.support.DefaultListableBeanFactory - Creating instance of bean 'org.springframework.web.servlet.resource.ResourceHttpRequestHandler#0'
DEBUG main org.springframework.beans.factory.support.DefaultListableBeanFactory - Returning cached instance of singleton bean 'org.springframework.aop.support.DefaultBeanFactoryPointcutAdvisor#0'
DEBUG main org.springframework.beans.factory.support.DefaultListableBeanFactory - Eagerly caching bean 'org.springframework.web.servlet.resource.ResourceHttpRequestHandler#0' to allow for resolving potential circular references
DEBUG main org.springframework.beans.factory.support.DefaultListableBeanFactory - Invoking afterPropertiesSet() on bean with name 'org.springframework.web.servlet.resource.ResourceHttpRequestHandler#0'
DEBUG main org.springframework.beans.factory.support.DefaultListableBeanFactory - Returning cached instance of singleton bean 'org.springframework.aop.support.DefaultBeanFactoryPointcutAdvisor#0'
DEBUG main org.springframework.beans.factory.support.DefaultListableBeanFactory - Returning cached instance of singleton bean 'org.springframework.aop.support.DefaultBeanFactoryPointcutAdvisor#0'
DEBUG main org.springframework.beans.factory.support.DefaultListableBeanFactory - Finished creating instance of bean 'org.springframework.web.servlet.resource.ResourceHttpRequestHandler#0'
DEBUG main org.springframework.beans.factory.support.DefaultListableBeanFactory - Creating shared instance of singleton bean 'mvcPathMatcher'
DEBUG main org.springframework.beans.factory.support.DefaultListableBeanFactory - Creating instance of bean 'mvcPathMatcher'
DEBUG main org.springframework.beans.factory.support.DefaultListableBeanFactory - Returning cached instance of singleton bean 'org.springframework.aop.support.DefaultBeanFactoryPointcutAdvisor#0'
DEBUG main org.springframework.beans.factory.support.DefaultListableBeanFactory - Eagerly caching bean 'mvcPathMatcher' to allow for resolving potential circular references
DEBUG main org.springframework.beans.factory.support.DefaultListableBeanFactory - Returning cached instance of singleton bean 'org.springframework.aop.support.DefaultBeanFactoryPointcutAdvisor#0'
DEBUG main org.springframework.beans.factory.support.DefaultListableBeanFactory - Returning cached instance of singleton bean 'org.springframework.aop.support.DefaultBeanFactoryPointcutAdvisor#0'
DEBUG main org.springframework.beans.factory.support.DefaultListableBeanFactory - Finished creating instance of bean 'mvcPathMatcher'
DEBUG main org.springframework.beans.factory.support.DefaultListableBeanFactory - Creating shared instance of singleton bean 'mvcUrlPathHelper'
DEBUG main org.springframework.beans.factory.support.DefaultListableBeanFactory - Creating instance of bean 'mvcUrlPathHelper'
DEBUG main org.springframework.beans.factory.support.DefaultListableBeanFactory - Returning cached instance of singleton bean 'org.springframework.aop.support.DefaultBeanFactoryPointcutAdvisor#0'
DEBUG main org.springframework.beans.factory.support.DefaultListableBeanFactory - Eagerly caching bean 'mvcUrlPathHelper' to allow for resolving potential circular references
DEBUG main org.springframework.beans.factory.support.DefaultListableBeanFactory - Returning cached instance of singleton bean 'org.springframework.aop.support.DefaultBeanFactoryPointcutAdvisor#0'
DEBUG main org.springframework.beans.factory.support.DefaultListableBeanFactory - Returning cached instance of singleton bean 'org.springframework.aop.support.DefaultBeanFactoryPointcutAdvisor#0'
DEBUG main org.springframework.beans.factory.support.DefaultListableBeanFactory - Finished creating instance of bean 'mvcUrlPathHelper'
DEBUG main org.springframework.beans.factory.support.DefaultListableBeanFactory - Creating shared instance of singleton bean 'org.springframework.web.servlet.handler.SimpleUrlHandlerMapping#1'
DEBUG main org.springframework.beans.factory.support.DefaultListableBeanFactory - Creating instance of bean 'org.springframework.web.servlet.handler.SimpleUrlHandlerMapping#1'
DEBUG main org.springframework.beans.factory.support.DefaultListableBeanFactory - Returning cached instance of singleton bean 'org.springframework.aop.support.DefaultBeanFactoryPointcutAdvisor#0'
DEBUG main org.springframework.beans.factory.support.DefaultListableBeanFactory - Eagerly caching bean 'org.springframework.web.servlet.handler.SimpleUrlHandlerMapping#1' to allow for resolving potential circular references
DEBUG main org.springframework.beans.factory.support.DefaultListableBeanFactory - Returning cached instance of singleton bean 'mvcPathMatcher'
DEBUG main org.springframework.beans.factory.support.DefaultListableBeanFactory - Returning cached instance of singleton bean 'mvcUrlPathHelper'
DEBUG main org.springframework.beans.factory.support.DefaultListableBeanFactory - Returning cached instance of singleton bean 'org.springframework.web.servlet.handler.MappedInterceptor#0'
DEBUG main org.springframework.beans.factory.support.DefaultListableBeanFactory - Returning cached instance of singleton bean 'org.springframework.web.servlet.handler.MappedInterceptor#1'
DEBUG main org.springframework.beans.factory.support.DefaultListableBeanFactory - Returning cached instance of singleton bean 'org.springframework.web.servlet.handler.MappedInterceptor#2'
DEBUG main org.springframework.beans.factory.support.DefaultListableBeanFactory - Returning cached instance of singleton bean 'org.springframework.web.servlet.resource.ResourceHttpRequestHandler#0'
INFO main org.springframework.web.servlet.handler.SimpleUrlHandlerMapping - Mapped URL path [/resources/**] onto handler 'org.springframework.web.servlet.resource.ResourceHttpRequestHandler#0'
DEBUG main org.springframework.beans.factory.support.DefaultListableBeanFactory - Returning cached instance of singleton bean 'org.springframework.aop.support.DefaultBeanFactoryPointcutAdvisor#0'
DEBUG main org.springframework.beans.factory.support.DefaultListableBeanFactory - Returning cached instance of singleton bean 'org.springframework.aop.support.DefaultBeanFactoryPointcutAdvisor#0'
DEBUG main org.springframework.beans.factory.support.DefaultListableBeanFactory - Finished creating instance of bean 'org.springframework.web.servlet.handler.SimpleUrlHandlerMapping#1'
DEBUG main org.springframework.beans.factory.support.DefaultListableBeanFactory - Creating shared instance of singleton bean 'org.springframework.web.servlet.view.InternalResourceViewResolver#0'
DEBUG main org.springframework.beans.factory.support.DefaultListableBeanFactory - Creating instance of bean 'org.springframework.web.servlet.view.InternalResourceViewResolver#0'
DEBUG main org.springframework.beans.factory.support.DefaultListableBeanFactory - Returning cached instance of singleton bean 'org.springframework.aop.support.DefaultBeanFactoryPointcutAdvisor#0'
DEBUG main org.springframework.beans.factory.support.DefaultListableBeanFactory - Eagerly caching bean 'org.springframework.web.servlet.view.InternalResourceViewResolver#0' to allow for resolving potential circular references
DEBUG main org.springframework.beans.factory.support.DefaultListableBeanFactory - Returning cached instance of singleton bean 'org.springframework.aop.support.DefaultBeanFactoryPointcutAdvisor#0'
DEBUG main org.springframework.beans.factory.support.DefaultListableBeanFactory - Returning cached instance of singleton bean 'org.springframework.aop.support.DefaultBeanFactoryPointcutAdvisor#0'
DEBUG main org.springframework.beans.factory.support.DefaultListableBeanFactory - Finished creating instance of bean 'org.springframework.web.servlet.view.InternalResourceViewResolver#0'
DEBUG main org.springframework.beans.factory.support.DefaultListableBeanFactory - Creating shared instance of singleton bean 'multipartResolver'
DEBUG main org.springframework.beans.factory.support.DefaultListableBeanFactory - Creating instance of bean 'multipartResolver'
DEBUG main org.springframework.beans.factory.support.DefaultListableBeanFactory - Returning cached instance of singleton bean 'org.springframework.aop.support.DefaultBeanFactoryPointcutAdvisor#0'
DEBUG main org.springframework.beans.factory.support.DefaultListableBeanFactory - Eagerly caching bean 'multipartResolver' to allow for resolving potential circular references
DEBUG main org.springframework.beans.factory.support.DefaultListableBeanFactory - Returning cached instance of singleton bean 'org.springframework.aop.support.DefaultBeanFactoryPointcutAdvisor#0'
DEBUG main org.springframework.beans.factory.support.DefaultListableBeanFactory - Returning cached instance of singleton bean 'org.springframework.aop.support.DefaultBeanFactoryPointcutAdvisor#0'
DEBUG main org.springframework.beans.factory.support.DefaultListableBeanFactory - Finished creating instance of bean 'multipartResolver'
DEBUG main org.springframework.beans.factory.support.DefaultListableBeanFactory - Returning cached instance of singleton bean 'activitiActionSerImpl'
DEBUG main org.springframework.beans.factory.support.DefaultListableBeanFactory - Returning cached instance of singleton bean 'modelerServiceSerImpl'
DEBUG main org.springframework.beans.factory.support.DefaultListableBeanFactory - Returning cached instance of singleton bean 'processDefinitionSerImp'
DEBUG main org.springframework.beans.factory.support.DefaultListableBeanFactory - Returning cached instance of singleton bean 'org.springframework.context.support.PropertySourcesPlaceholderConfigurer#0'
DEBUG main org.springframework.beans.factory.support.DefaultListableBeanFactory - Returning cached instance of singleton bean 'dataSource'
DEBUG main org.springframework.beans.factory.support.DefaultListableBeanFactory - Returning cached instance of singleton bean 'sqlSessionFactory'
DEBUG main org.springframework.beans.factory.support.DefaultListableBeanFactory - Returning cached instance of singleton bean 'processEngineConfiguration'
DEBUG main org.springframework.beans.factory.support.DefaultListableBeanFactory - Returning cached instance of singleton bean 'processEngine'
DEBUG main org.springframework.beans.factory.support.DefaultListableBeanFactory - Returning cached instance of singleton bean 'repositoryService'
DEBUG main org.springframework.beans.factory.support.DefaultListableBeanFactory - Returning cached instance of singleton bean 'runtimeService'
DEBUG main org.springframework.beans.factory.support.DefaultListableBeanFactory - Creating shared instance of singleton bean 'taskService'
DEBUG main org.springframework.beans.factory.support.DefaultListableBeanFactory - Creating instance of bean 'taskService'
DEBUG main org.springframework.beans.factory.support.DefaultListableBeanFactory - Returning cached instance of singleton bean 'org.springframework.aop.support.DefaultBeanFactoryPointcutAdvisor#0'
DEBUG main org.springframework.beans.factory.support.DefaultListableBeanFactory - Returning cached instance of singleton bean 'processEngine'
DEBUG main org.springframework.beans.factory.support.DefaultListableBeanFactory - Eagerly caching bean 'taskService' to allow for resolving potential circular references
DEBUG main org.springframework.beans.factory.support.DefaultListableBeanFactory - Returning cached instance of singleton bean 'org.springframework.aop.support.DefaultBeanFactoryPointcutAdvisor#0'
DEBUG main org.springframework.beans.factory.support.DefaultListableBeanFactory - Returning cached instance of singleton bean 'org.springframework.aop.support.DefaultBeanFactoryPointcutAdvisor#0'
DEBUG main org.springframework.beans.factory.support.DefaultListableBeanFactory - Finished creating instance of bean 'taskService'
DEBUG main org.springframework.beans.factory.support.DefaultListableBeanFactory - Returning cached instance of singleton bean 'historyService'
DEBUG main org.springframework.beans.factory.support.DefaultListableBeanFactory - Creating shared instance of singleton bean 'formService'
DEBUG main org.springframework.beans.factory.support.DefaultListableBeanFactory - Creating instance of bean 'formService'
DEBUG main org.springframework.beans.factory.support.DefaultListableBeanFactory - Returning cached instance of singleton bean 'org.springframework.aop.support.DefaultBeanFactoryPointcutAdvisor#0'
DEBUG main org.springframework.beans.factory.support.DefaultListableBeanFactory - Returning cached instance of singleton bean 'processEngine'
DEBUG main org.springframework.beans.factory.support.DefaultListableBeanFactory - Eagerly caching bean 'formService' to allow for resolving potential circular references
DEBUG main org.springframework.beans.factory.support.DefaultListableBeanFactory - Returning cached instance of singleton bean 'org.springframework.aop.support.DefaultBeanFactoryPointcutAdvisor#0'
DEBUG main org.springframework.beans.factory.support.DefaultListableBeanFactory - Returning cached instance of singleton bean 'org.springframework.aop.support.DefaultBeanFactoryPointcutAdvisor#0'
DEBUG main org.springframework.beans.factory.support.DefaultListableBeanFactory - Finished creating instance of bean 'formService'
DEBUG main org.springframework.beans.factory.support.DefaultListableBeanFactory - Creating shared instance of singleton bean 'identityService'
DEBUG main org.springframework.beans.factory.support.DefaultListableBeanFactory - Creating instance of bean 'identityService'
DEBUG main org.springframework.beans.factory.support.DefaultListableBeanFactory - Returning cached instance of singleton bean 'org.springframework.aop.support.DefaultBeanFactoryPointcutAdvisor#0'
DEBUG main org.springframework.beans.factory.support.DefaultListableBeanFactory - Returning cached instance of singleton bean 'processEngine'
DEBUG main org.springframework.beans.factory.support.DefaultListableBeanFactory - Eagerly caching bean 'identityService' to allow for resolving potential circular references
DEBUG main org.springframework.beans.factory.support.DefaultListableBeanFactory - Returning cached instance of singleton bean 'org.springframework.aop.support.DefaultBeanFactoryPointcutAdvisor#0'
DEBUG main org.springframework.beans.factory.support.DefaultListableBeanFactory - Returning cached instance of singleton bean 'org.springframework.aop.support.DefaultBeanFactoryPointcutAdvisor#0'
DEBUG main org.springframework.beans.factory.support.DefaultListableBeanFactory - Finished creating instance of bean 'identityService'
DEBUG main org.springframework.beans.factory.support.DefaultListableBeanFactory - Creating shared instance of singleton bean 'globalConfig'
DEBUG main org.springframework.beans.factory.support.DefaultListableBeanFactory - Creating instance of bean 'globalConfig'
DEBUG main org.springframework.beans.factory.support.DefaultListableBeanFactory - Returning cached instance of singleton bean 'org.springframework.aop.support.DefaultBeanFactoryPointcutAdvisor#0'
DEBUG main org.springframework.beans.factory.support.DefaultListableBeanFactory - Eagerly caching bean 'globalConfig' to allow for resolving potential circular references
DEBUG main org.springframework.beans.factory.support.DefaultListableBeanFactory - Returning cached instance of singleton bean 'org.springframework.aop.support.DefaultBeanFactoryPointcutAdvisor#0'
DEBUG main org.springframework.beans.factory.support.DefaultListableBeanFactory - Returning cached instance of singleton bean 'org.springframework.aop.support.DefaultBeanFactoryPointcutAdvisor#0'
DEBUG main org.springframework.beans.factory.support.DefaultListableBeanFactory - Finished creating instance of bean 'globalConfig'
DEBUG main org.springframework.beans.factory.support.DefaultListableBeanFactory - Returning cached instance of singleton bean 'org.mybatis.spring.mapper.MapperScannerConfigurer#0'
DEBUG main org.springframework.beans.factory.support.DefaultListableBeanFactory - Returning cached instance of singleton bean 'transactionManager'
DEBUG main org.springframework.beans.factory.support.DefaultListableBeanFactory - Returning cached instance of singleton bean 'transactionAdvice'
DEBUG main org.springframework.beans.factory.support.DefaultListableBeanFactory - Returning cached instance of singleton bean 'org.springframework.aop.config.internalAutoProxyCreator'
DEBUG main org.springframework.beans.factory.support.DefaultListableBeanFactory - Returning cached instance of singleton bean 'org.springframework.aop.support.DefaultBeanFactoryPointcutAdvisor#0'
DEBUG main org.springframework.beans.factory.support.DefaultListableBeanFactory - Returning cached instance of singleton bean 'org.springframework.context.support.PropertySourcesPlaceholderConfigurer#1'
DEBUG main org.springframework.beans.factory.support.DefaultListableBeanFactory - Returning cached instance of singleton bean 'org.springframework.context.annotation.ConfigurationClassPostProcessor.importAwareProcessor'
DEBUG main org.springframework.beans.factory.support.DefaultListableBeanFactory - Returning cached instance of singleton bean 'org.springframework.context.annotation.ConfigurationClassPostProcessor.enhancedConfigurationProcessor'
DEBUG main org.springframework.beans.factory.support.DefaultListableBeanFactory - Returning cached instance of singleton bean 'userDao'
DEBUG main org.springframework.context.support.GenericApplicationContext - Unable to locate LifecycleProcessor with name 'lifecycleProcessor': using default [org.springframework.context.support.DefaultLifecycleProcessor@5f8a02cf]
DEBUG main org.springframework.beans.factory.support.DefaultListableBeanFactory - Returning cached instance of singleton bean 'lifecycleProcessor'
DEBUG main org.springframework.beans.factory.support.DefaultListableBeanFactory - Returning cached instance of singleton bean 'mvcResourceUrlProvider'
DEBUG main org.springframework.beans.factory.support.DefaultListableBeanFactory - Returning cached instance of singleton bean 'sqlSessionFactory'
DEBUG main org.springframework.web.servlet.resource.ResourceUrlProvider - Looking for resource handler mappings
DEBUG main org.springframework.beans.factory.support.DefaultListableBeanFactory - Returning cached instance of singleton bean 'org.springframework.web.servlet.handler.SimpleUrlHandlerMapping#0'
DEBUG main org.springframework.beans.factory.support.DefaultListableBeanFactory - Returning cached instance of singleton bean 'org.springframework.web.servlet.handler.SimpleUrlHandlerMapping#1'
DEBUG main org.springframework.web.servlet.resource.ResourceUrlProvider - Found resource handler mapping: URL pattern="/resources/**", locations=[class path resource [resources/]], resolvers=[org.springframework.web.servlet.resource.PathResourceResolver@a90e2c1]
DEBUG main org.springframework.web.servlet.resource.ResourceUrlProvider - Looking for resource handler mappings
DEBUG main org.springframework.beans.factory.support.DefaultListableBeanFactory - Returning cached instance of singleton bean 'org.springframework.web.servlet.handler.SimpleUrlHandlerMapping#0'
DEBUG main org.springframework.beans.factory.support.DefaultListableBeanFactory - Returning cached instance of singleton bean 'org.springframework.web.servlet.handler.SimpleUrlHandlerMapping#1'
DEBUG main org.springframework.web.servlet.resource.ResourceUrlProvider - Found resource handler mapping: URL pattern="/resources/**", locations=[class path resource [resources/]], resolvers=[org.springframework.web.servlet.resource.PathResourceResolver@a90e2c1]
DEBUG main org.springframework.core.env.PropertySourcesPropertyResolver - Searching for key 'spring.liveBeansView.mbeanDomain' in [systemProperties]
DEBUG main org.springframework.core.env.PropertySourcesPropertyResolver - Searching for key 'spring.liveBeansView.mbeanDomain' in [systemEnvironment]
DEBUG main org.springframework.core.env.PropertySourcesPropertyResolver - Could not find key 'spring.liveBeansView.mbeanDomain' in any property source. Returning [null]
DEBUG main org.springframework.test.context.DefaultCacheAwareContextLoaderDelegate - Storing ApplicationContext in cache under key [[MergedContextConfiguration@61df66b6 testClass = ActDemo, locations = '{classpath:spring-mvc.xml, classpath:spring.xml}', classes = '{}', contextInitializerClasses = '[]', activeProfiles = '{}', propertySourceLocations = '{}', propertySourceProperties = '{}', contextLoader = 'org.springframework.test.context.support.DelegatingSmartContextLoader', parent = [null]]]
DEBUG main org.springframework.test.context.cache - Spring test ApplicationContext cache statistics: [ContextCache@5df6163a size = 1, hitCount = 0, missCount = 1, parentContextCount = 0]
DEBUG main org.springframework.beans.factory.annotation.InjectionMetadata - Processing injected element of bean 'Activity_Action.ActDemo': AutowiredFieldElement for org.activiti.engine.RepositoryService Activity_Action.ActDemo.repositoryService
DEBUG main org.springframework.beans.factory.support.DefaultListableBeanFactory - Returning cached instance of singleton bean 'repositoryService'
DEBUG main org.springframework.beans.factory.annotation.AutowiredAnnotationBeanPostProcessor - Autowiring by type from bean name 'Activity_Action.ActDemo' to bean named 'repositoryService'
DEBUG main org.springframework.beans.factory.support.DefaultListableBeanFactory - Returning cached instance of singleton bean 'org.springframework.aop.support.DefaultBeanFactoryPointcutAdvisor#0'
DEBUG main org.springframework.beans.factory.support.DefaultListableBeanFactory - Returning cached instance of singleton bean 'org.springframework.aop.support.DefaultBeanFactoryPointcutAdvisor#0'
DEBUG main org.activiti.engine.impl.interceptor.LogInterceptor - 

DEBUG main org.activiti.engine.impl.interceptor.LogInterceptor - --- starting TaskQueryImpl --------------------------------------------------------
DEBUG main org.activiti.spring.SpringTransactionInterceptor - Running command with propagation REQUIRED
DEBUG main org.springframework.jdbc.datasource.DataSourceTransactionManager - Creating new transaction with name [null]: PROPAGATION_REQUIRED,ISOLATION_DEFAULT
DEBUG main org.springframework.jdbc.datasource.DataSourceTransactionManager - Acquired Connection [com.alibaba.druid.proxy.jdbc.ConnectionProxyImpl@4b97b3d2] for JDBC transaction
DEBUG main org.springframework.jdbc.datasource.DataSourceTransactionManager - Switching JDBC Connection [com.alibaba.druid.proxy.jdbc.ConnectionProxyImpl@4b97b3d2] to manual commit
DEBUG main org.apache.ibatis.transaction.managed.ManagedTransaction - Opening JDBC Connection
DEBUG main org.activiti.engine.impl.persistence.entity.TaskEntity.selectTaskByQueryCriteria - ==>  Preparing: select distinct RES.* from ACT_RU_TASK RES inner join ACT_RE_PROCDEF D on RES.PROC_DEF_ID_ = D.ID_ WHERE D.KEY_ = ? order by RES.ID_ asc LIMIT ? OFFSET ? 
DEBUG main org.activiti.engine.impl.persistence.entity.TaskEntity.selectTaskByQueryCriteria - ==> Parameters: HTMLDemo1(String), 2147483647(Integer), 0(Integer)
DEBUG main org.activiti.engine.impl.persistence.entity.TaskEntity.selectTaskByQueryCriteria - <==      Total: 2
DEBUG main org.activiti.engine.impl.db.DbSqlSession - flush summary: 0 insert, 0 update, 0 delete.
DEBUG main org.activiti.engine.impl.db.DbSqlSession - now executing flush...
DEBUG main org.apache.ibatis.transaction.managed.ManagedTransaction - Closing JDBC Connection [Transaction-aware proxy for target Connection [com.alibaba.druid.proxy.jdbc.ConnectionProxyImpl@4b97b3d2]]
DEBUG main org.springframework.jdbc.datasource.DataSourceTransactionManager - Initiating transaction commit
DEBUG main org.springframework.jdbc.datasource.DataSourceTransactionManager - Committing JDBC transaction on Connection [com.alibaba.druid.proxy.jdbc.ConnectionProxyImpl@4b97b3d2]
DEBUG main org.springframework.jdbc.datasource.DataSourceTransactionManager - Releasing JDBC Connection [com.alibaba.druid.proxy.jdbc.ConnectionProxyImpl@4b97b3d2] after transaction
DEBUG main org.springframework.jdbc.datasource.DataSourceUtils - Returning JDBC Connection to DataSource
DEBUG main org.activiti.engine.impl.interceptor.LogInterceptor - --- TaskQueryImpl finished --------------------------------------------------------
DEBUG main org.activiti.engine.impl.interceptor.LogInterceptor - 

DEBUG main org.springframework.test.context.support.DirtiesContextTestExecutionListener - After test method: context [DefaultTestContext@243c4f91 testClass = ActDemo, testInstance = Activity_Action.ActDemo@291ae, testMethod = viewAction@ActDemo, testException = [null], mergedContextConfiguration = [MergedContextConfiguration@61df66b6 testClass = ActDemo, locations = '{classpath:spring-mvc.xml, classpath:spring.xml}', classes = '{}', contextInitializerClasses = '[]', activeProfiles = '{}', propertySourceLocations = '{}', propertySourceProperties = '{}', contextLoader = 'org.springframework.test.context.support.DelegatingSmartContextLoader', parent = [null]]], class dirties context [false], class mode [null], method dirties context [false].
DEBUG main org.springframework.test.context.support.DirtiesContextTestExecutionListener - After test class: context [DefaultTestContext@243c4f91 testClass = ActDemo, testInstance = [null], testMethod = [null], testException = [null], mergedContextConfiguration = [MergedContextConfiguration@61df66b6 testClass = ActDemo, locations = '{classpath:spring-mvc.xml, classpath:spring.xml}', classes = '{}', contextInitializerClasses = '[]', activeProfiles = '{}', propertySourceLocations = '{}', propertySourceProperties = '{}', contextLoader = 'org.springframework.test.context.support.DelegatingSmartContextLoader', parent = [null]]], dirtiesContext [false].
INFO Thread-1 org.springframework.context.support.GenericApplicationContext - Closing org.springframework.context.support.GenericApplicationContext@6356695f: startup date [Wed Mar 21 13:46:51 CST 2018]; root of context hierarchy
DEBUG Thread-1 org.springframework.beans.factory.support.DefaultListableBeanFactory - Returning cached instance of singleton bean 'sqlSessionFactory'
DEBUG Thread-1 org.springframework.beans.factory.support.DefaultListableBeanFactory - Returning cached instance of singleton bean 'lifecycleProcessor'
DEBUG Thread-1 org.springframework.beans.factory.support.DefaultListableBeanFactory - Destroying singletons in org.springframework.beans.factory.support.DefaultListableBeanFactory@7a8fa663: defining beans [mvcContentNegotiationManager,org.springframework.web.servlet.mvc.method.annotation.RequestMappingHandlerMapping#0,org.springframework.format.support.FormattingConversionServiceFactoryBean#0,org.springframework.web.servlet.mvc.method.annotation.RequestMappingHandlerAdapter#0,mvcUriComponentsContributor,org.springframework.web.servlet.handler.MappedInterceptor#0,org.springframework.web.servlet.mvc.method.annotation.ExceptionHandlerExceptionResolver#0,org.springframework.web.servlet.mvc.annotation.ResponseStatusExceptionResolver#0,org.springframework.web.servlet.mvc.support.DefaultHandlerExceptionResolver#0,org.springframework.web.servlet.handler.BeanNameUrlHandlerMapping,org.springframework.web.servlet.mvc.HttpRequestHandlerAdapter,org.springframework.web.servlet.mvc.SimpleControllerHandlerAdapter,org.springframework.web.servlet.resource.DefaultServletHttpRequestHandler#0,org.springframework.web.servlet.handler.SimpleUrlHandlerMapping#0,objectMapper,stencilsetRestResource,modelSaveRestResource,modelEditorJsonRestResource,processInstanceHighlightsResource,processDefinitionDiagramLayoutResource,processInstanceDiagramLayoutResource,org.springframework.context.annotation.internalConfigurationAnnotationProcessor,org.springframework.context.annotation.internalAutowiredAnnotationProcessor,org.springframework.context.annotation.internalRequiredAnnotationProcessor,org.springframework.context.annotation.internalCommonAnnotationProcessor,restResponseFactory,contentTypeResolver,actionController,modelController,test,org.springframework.web.servlet.mvc.method.annotation.RequestMappingHandlerMapping#1,org.springframework.format.support.FormattingConversionServiceFactoryBean#1,org.springframework.web.servlet.mvc.method.annotation.RequestMappingHandlerAdapter#1,org.springframework.web.servlet.handler.MappedInterceptor#1,org.springframework.web.servlet.mvc.method.annotation.ExceptionHandlerExceptionResolver#1,org.springframework.web.servlet.mvc.annotation.ResponseStatusExceptionResolver#1,org.springframework.web.servlet.mvc.support.DefaultHandlerExceptionResolver#1,mvcResourceUrlProvider,org.springframework.web.servlet.handler.MappedInterceptor#2,org.springframework.web.servlet.resource.ResourceHttpRequestHandler#0,mvcPathMatcher,mvcUrlPathHelper,org.springframework.web.servlet.handler.SimpleUrlHandlerMapping#1,org.springframework.web.servlet.view.InternalResourceViewResolver#0,multipartResolver,activitiActionSerImpl,modelerServiceSerImpl,processDefinitionSerImp,org.springframework.context.support.PropertySourcesPlaceholderConfigurer#0,dataSource,sqlSessionFactory,processEngineConfiguration,processEngine,repositoryService,runtimeService,taskService,historyService,formService,identityService,globalConfig,org.mybatis.spring.mapper.MapperScannerConfigurer#0,transactionManager,transactionAdvice,org.springframework.aop.config.internalAutoProxyCreator,transactionPointcut,org.springframework.aop.support.DefaultBeanFactoryPointcutAdvisor#0,org.springframework.context.support.PropertySourcesPlaceholderConfigurer#1,org.springframework.context.annotation.ConfigurationClassPostProcessor.importAwareProcessor,org.springframework.context.annotation.ConfigurationClassPostProcessor.enhancedConfigurationProcessor,userDao]; root of factory hierarchy
DEBUG Thread-1 org.springframework.beans.factory.support.DefaultListableBeanFactory - Retrieved dependent beans for bean 'fastJsonHttpMessageConverter#2': [org.springframework.web.servlet.mvc.method.annotation.ExceptionHandlerExceptionResolver#1]
DEBUG Thread-1 org.springframework.beans.factory.support.DefaultListableBeanFactory - Retrieved dependent beans for bean '(inner bean)#6fc1020a#2': [(inner bean)#73ae0257#2]
DEBUG Thread-1 org.springframework.beans.factory.support.DefaultListableBeanFactory - Retrieved dependent beans for bean '(inner bean)#fb2e3fd#1': [org.springframework.web.servlet.mvc.method.annotation.RequestMappingHandlerAdapter#1]
DEBUG Thread-1 org.springframework.beans.factory.support.DefaultListableBeanFactory - Retrieved dependent beans for bean '(inner bean)#6fc1020a#1': [(inner bean)#73ae0257#1]
DEBUG Thread-1 org.springframework.beans.factory.support.DefaultListableBeanFactory - Retrieved dependent beans for bean '(inner bean)#1213ffbc': [transactionAdvice]
DEBUG Thread-1 org.springframework.beans.factory.support.DefaultListableBeanFactory - Retrieved dependent beans for bean 'repositoryService': [Activity_Action.ActDemo]
DEBUG Thread-1 org.springframework.beans.factory.support.DisposableBeanAdapter - Invoking destroy() on bean with name 'processEngine'
DEBUG Thread-1 org.activiti.engine.impl.interceptor.LogInterceptor - 

DEBUG Thread-1 org.activiti.engine.impl.interceptor.LogInterceptor - --- starting SchemaOperationProcessEngineClose --------------------------------------------------------
DEBUG Thread-1 org.activiti.spring.SpringTransactionInterceptor - Running command with propagation NOT_SUPPORTED
DEBUG Thread-1 org.activiti.engine.impl.db.DbSqlSession - flush summary: 0 insert, 0 update, 0 delete.
DEBUG Thread-1 org.activiti.engine.impl.db.DbSqlSession - now executing flush...
DEBUG Thread-1 org.activiti.engine.impl.interceptor.LogInterceptor - --- SchemaOperationProcessEngineClose finished --------------------------------------------------------
DEBUG Thread-1 org.activiti.engine.impl.interceptor.LogInterceptor - 

DEBUG Thread-1 org.springframework.beans.factory.support.DefaultListableBeanFactory - Retrieved dependent beans for bean 'org.springframework.http.converter.StringHttpMessageConverter#0#1': [org.springframework.web.servlet.mvc.method.annotation.ExceptionHandlerExceptionResolver#0]
DEBUG Thread-1 org.springframework.beans.factory.support.DefaultListableBeanFactory - Retrieved dependent beans for bean '(inner bean)#315f09ef#1': [(inner bean)#41294371#1]
DEBUG Thread-1 org.springframework.beans.factory.support.DefaultListableBeanFactory - Retrieved dependent beans for bean '(inner bean)#642413d4': [mvcUriComponentsContributor]
DEBUG Thread-1 org.springframework.beans.factory.support.DefaultListableBeanFactory - Retrieved dependent beans for bean '(inner bean)#fb2e3fd': [(inner bean)#642413d4]
DEBUG Thread-1 org.springframework.beans.factory.support.DefaultListableBeanFactory - Retrieved dependent beans for bean '(inner bean)#6fc1020a': [(inner bean)#73ae0257]
DEBUG Thread-1 org.springframework.beans.factory.support.DefaultListableBeanFactory - Retrieved dependent beans for bean '(inner bean)#44cffc25': [org.springframework.web.servlet.mvc.method.annotation.RequestMappingHandlerAdapter#0]
DEBUG Thread-1 org.springframework.beans.factory.support.DefaultListableBeanFactory - Retrieved dependent beans for bean '(inner bean)#315f09ef': [(inner bean)#41294371]
DEBUG Thread-1 org.springframework.beans.factory.support.DisposableBeanAdapter - Invoking destroy method 'close' on bean with name 'dataSource'
INFO Thread-1 com.alibaba.druid.pool.DruidDataSource - {dataSource-1} closed
DEBUG Thread-1 org.springframework.beans.factory.support.DefaultListableBeanFactory - Retrieved dependent beans for bean '(inner bean)#49aa766b': [org.springframework.web.servlet.handler.MappedInterceptor#2]
DEBUG Thread-1 org.springframework.beans.factory.support.DefaultListableBeanFactory - Retrieved dependent beans for bean '(inner bean)#963176': [(inner bean)#49aa766b]
DEBUG Thread-1 org.springframework.beans.factory.support.DefaultListableBeanFactory - Retrieved dependent beans for bean '(inner bean)#ecfbe91': [org.springframework.web.servlet.handler.MappedInterceptor#1]
DEBUG Thread-1 org.springframework.beans.factory.support.DefaultListableBeanFactory - Retrieved dependent beans for bean '(inner bean)#6813a331': [org.springframework.web.servlet.handler.MappedInterceptor#0]
